0 info it worked if it ends with ok
1 verbose cli [ 'C:\\Program Files\\nodejs\\node.exe',
1 verbose cli   'C:\\Users\\gul-2\\AppData\\Roaming\\npm\\node_modules\\npm\\bin\\npm-cli.js',
1 verbose cli   'start' ]
2 info using npm@2.15.12
3 info using node@v11.9.0
4 verbose config Skipping project config: C:\Users\gul-2/.npmrc. (matches userconfig)
5 verbose stack Error: missing script: start
5 verbose stack     at run (C:\Users\gul-2\AppData\Roaming\npm\node_modules\npm\lib\run-script.js:142:19)
5 verbose stack     at C:\Users\gul-2\AppData\Roaming\npm\node_modules\npm\lib\run-script.js:58:5
5 verbose stack     at C:\Users\gul-2\AppData\Roaming\npm\node_modules\npm\node_modules\read-package-json\read-json.js:356:5
5 verbose stack     at checkBinReferences_ (C:\Users\gul-2\AppData\Roaming\npm\node_modules\npm\node_modules\read-package-json\read-json.js:320:45)
5 verbose stack     at final (C:\Users\gul-2\AppData\Roaming\npm\node_modules\npm\node_modules\read-package-json\read-json.js:354:3)
5 verbose stack     at then (C:\Users\gul-2\AppData\Roaming\npm\node_modules\npm\node_modules\read-package-json\read-json.js:124:5)
5 verbose stack     at ReadFileContext.<anonymous> (C:\Users\gul-2\AppData\Roaming\npm\node_modules\npm\node_modules\read-package-json\read-json.js:295:20)
5 verbose stack     at ReadFileContext.callback (C:\Users\gul-2\AppData\Roaming\npm\node_modules\npm\node_modules\graceful-fs\graceful-fs.js:78:16)
5 verbose stack     at FSReqCallback.readFileAfterOpen [as oncomplete] (fs.js:243:13)
6 verbose cwd C:\Users\gul-2\Downloads\cloudfoundry-python-flask-sample-master\cloudfoundry-python-flask-sample-master
7 error Windows_NT 10.0.18363
8 error argv "C:\\Program Files\\nodejs\\node.exe" "C:\\Users\\gul-2\\AppData\\Roaming\\npm\\node_modules\\npm\\bin\\npm-cli.js" "start"
9 error node v11.9.0
10 error npm  v2.15.12
11 error missing script: start
12 error If you need help, you may report this error at:
12 error     <https://github.com/npm/npm/issues>
13 verbose exit [ 1, true ]
